{"level":"info","message":"info log","timestamp":"2025-07-19T07:26:36.397Z"}
{"level":"warn","message":"warn log","timestamp":"2025-07-19T07:26:36.401Z"}
{"level":"error","message":"error log","timestamp":"2025-07-19T07:26:36.402Z"}
{"level":"info","message":"info log","timestamp":"2025-07-19T07:26:38.786Z"}
{"level":"warn","message":"warn log","timestamp":"2025-07-19T07:26:38.789Z"}
{"level":"error","message":"error log","timestamp":"2025-07-19T07:26:38.789Z"}
{"level":"info","message":"info log","timestamp":"2025-07-19T07:26:53.875Z"}
{"level":"warn","message":"warn log","timestamp":"2025-07-19T07:26:53.878Z"}
{"level":"error","message":"error log","timestamp":"2025-07-19T07:26:53.879Z"}
{"level":"info","message":"info log","timestamp":"2025-07-19T07:28:23.692Z"}
{"level":"warn","message":"warn log","timestamp":"2025-07-19T07:28:23.696Z"}
{"level":"error","message":"error log","timestamp":"2025-07-19T07:28:23.697Z"}
{"level":"error","message":"error log","timestamp":"2025-07-19T07:28:23.697Z"}
{"level":"info","message":"info log","timestamp":"2025-07-19T07:28:27.916Z"}
{"level":"warn","message":"warn log","timestamp":"2025-07-19T07:28:27.919Z"}
{"level":"error","message":"error log","timestamp":"2025-07-19T07:28:27.920Z"}
{"level":"info","message":"info log","timestamp":"2025-07-19T07:28:53.304Z"}
{"level":"warn","message":"warn log","timestamp":"2025-07-19T07:28:53.307Z"}
{"level":"error","message":"error log","timestamp":"2025-07-19T07:28:53.308Z"}
{"level":"info","message":"info log","timestamp":"2025-07-19T07:28:57.470Z"}
{"level":"warn","message":"warn log","timestamp":"2025-07-19T07:28:57.474Z"}
{"level":"error","message":"error log","timestamp":"2025-07-19T07:28:57.474Z"}
{"level":"info","message":"info log","timestamp":"2025-07-19T07:30:32.746Z"}
{"level":"warn","message":"warn log","timestamp":"2025-07-19T07:30:32.750Z"}
{"level":"error","message":"error log","timestamp":"2025-07-19T07:30:32.751Z"}
{"level":"info","message":"info log","timestamp":"2025-07-19T07:30:39.480Z"}
{"level":"warn","message":"warn log","timestamp":"2025-07-19T07:30:39.483Z"}
{"level":"error","message":"error log","timestamp":"2025-07-19T07:30:39.483Z"}
{"level":"info","message":"info log","timestamp":"2025-07-19T07:30:41.656Z"}
{"level":"warn","message":"warn log","timestamp":"2025-07-19T07:30:41.661Z"}
{"level":"error","message":"error log","timestamp":"2025-07-19T07:30:41.662Z"}
{"level":"info","message":"info log","timestamp":"2025-07-19T07:33:07.923Z"}
{"level":"warn","message":"warn log","timestamp":"2025-07-19T07:33:07.926Z"}
{"level":"error","message":"error log","timestamp":"2025-07-19T07:33:07.926Z"}
{"level":"info","message":"info log","timestamp":"2025-07-19T07:33:14.517Z"}
{"level":"warn","message":"warn log","timestamp":"2025-07-19T07:33:14.520Z"}
{"level":"error","message":"error log","timestamp":"2025-07-19T07:33:14.520Z"}
{"level":"info","message":"info log","timestamp":"2025-07-19T07:33:17.080Z"}
{"level":"warn","message":"warn log","timestamp":"2025-07-19T07:33:17.083Z"}
{"level":"error","message":"error log","timestamp":"2025-07-19T07:33:17.083Z"}
{"level":"info","message":"info log","timestamp":"2025-07-19T07:33:18.811Z"}
{"level":"warn","message":"warn log","timestamp":"2025-07-19T07:33:18.815Z"}
{"level":"error","message":"error log","timestamp":"2025-07-19T07:33:18.815Z"}
{"level":"info","message":"info log","timestamp":"2025-07-19T07:33:35.385Z"}
{"level":"warn","message":"warn log","timestamp":"2025-07-19T07:33:35.389Z"}
{"level":"error","message":"error log","timestamp":"2025-07-19T07:33:35.389Z"}
{"level":"info","message":"info log","timestamp":"2025-07-19T07:35:00.416Z"}
{"level":"warn","message":"warn log","timestamp":"2025-07-19T07:35:00.421Z"}
{"level":"error","message":"error log","timestamp":"2025-07-19T07:35:00.423Z"}
{"level":"info","message":"info log","timestamp":"2025-07-19T07:35:51.351Z"}
{"level":"warn","message":"warn log","timestamp":"2025-07-19T07:35:51.355Z"}
{"level":"error","message":"error log","timestamp":"2025-07-19T07:35:51.355Z"}
{"level":"info","message":"info log","timestamp":"2025-07-19T07:38:12.645Z"}
{"level":"warn","message":"warn log","timestamp":"2025-07-19T07:38:12.648Z"}
{"level":"error","message":"error log","timestamp":"2025-07-19T07:38:12.649Z"}
{"level":"info","message":"info log","timestamp":"2025-07-19T07:38:19.987Z"}
{"level":"warn","message":"warn log","timestamp":"2025-07-19T07:38:19.990Z"}
{"level":"error","message":"error log","timestamp":"2025-07-19T07:38:19.991Z"}
{"level":"info","message":"info log","timestamp":"2025-07-19T07:38:43.043Z"}
{"level":"warn","message":"warn log","timestamp":"2025-07-19T07:38:43.050Z"}
{"level":"error","message":"error log","timestamp":"2025-07-19T07:38:43.052Z"}
{"level":"info","message":"info log","timestamp":"2025-07-19T07:38:53.385Z"}
{"level":"warn","message":"warn log","timestamp":"2025-07-19T07:38:53.390Z"}
{"level":"error","message":"error log","timestamp":"2025-07-19T07:38:53.391Z"}
{"level":"info","message":"info log","timestamp":"2025-07-19T07:39:01.712Z"}
{"level":"warn","message":"warn log","timestamp":"2025-07-19T07:39:01.715Z"}
{"level":"error","message":"error log","timestamp":"2025-07-19T07:39:01.715Z"}
{"level":"info","message":"info log","timestamp":"2025-07-19T07:39:03.279Z"}
{"level":"warn","message":"warn log","timestamp":"2025-07-19T07:39:03.282Z"}
{"level":"error","message":"error log","timestamp":"2025-07-19T07:39:03.283Z"}
{"level":"info","message":"info log","timestamp":"2025-07-19T07:39:18.303Z"}
{"level":"warn","message":"warn log","timestamp":"2025-07-19T07:39:18.306Z"}
{"level":"error","message":"error log","timestamp":"2025-07-19T07:39:18.307Z"}
{"level":"info","message":"info log","timestamp":"2025-07-19T07:39:19.554Z"}
{"level":"warn","message":"warn log","timestamp":"2025-07-19T07:39:19.557Z"}
{"level":"error","message":"error log","timestamp":"2025-07-19T07:39:19.558Z"}
{"level":"info","message":"info log","timestamp":"2025-07-19T07:39:20.986Z"}
{"level":"warn","message":"warn log","timestamp":"2025-07-19T07:39:20.990Z"}
{"level":"error","message":"error log","timestamp":"2025-07-19T07:39:20.990Z"}
{"level":"info","message":"info log","timestamp":"2025-07-19T07:39:25.145Z"}
{"level":"warn","message":"warn log","timestamp":"2025-07-19T07:39:25.149Z"}
{"level":"error","message":"error log","timestamp":"2025-07-19T07:39:25.150Z"}
{"level":"info","message":"info log","timestamp":"2025-07-19T07:39:28.716Z"}
{"level":"warn","message":"warn log","timestamp":"2025-07-19T07:39:28.719Z"}
{"level":"error","message":"error log","timestamp":"2025-07-19T07:39:28.720Z"}
{"level":"info","message":"::1 - - [19/Jul/2025:07:40:06 +0000] \"POST /users/signup HTTP/1.1\" 409 35 \"-\" \"PostmanRuntime/7.44.1\"\n","timestamp":"2025-07-19T07:40:06.494Z"}
{"level":"info","message":"info log","timestamp":"2025-07-19T07:40:21.952Z"}
{"level":"warn","message":"warn log","timestamp":"2025-07-19T07:40:21.958Z"}
{"level":"error","message":"error log","timestamp":"2025-07-19T07:40:21.958Z"}
{"level":"info","message":"::1 - - [19/Jul/2025:07:40:49 +0000] \"POST /users/signup HTTP/1.1\" 409 35 \"-\" \"PostmanRuntime/7.44.1\"\n","timestamp":"2025-07-19T07:40:49.932Z"}
{"level":"info","message":"::1 - - [19/Jul/2025:09:13:31 +0000] \"GET /data HTTP/1.1\" 200 4561261 \"-\" \"PostmanRuntime/7.44.1\"\n","timestamp":"2025-07-19T09:13:31.837Z"}
{"level":"info","message":"::1 - - [19/Jul/2025:09:13:37 +0000] \"GET /data HTTP/1.1\" 200 4561261 \"-\" \"PostmanRuntime/7.44.1\"\n","timestamp":"2025-07-19T09:13:37.545Z"}
{"level":"info","message":"::1 - - [19/Jul/2025:09:13:40 +0000] \"GET /data HTTP/1.1\" 200 4561261 \"-\" \"PostmanRuntime/7.44.1\"\n","timestamp":"2025-07-19T09:13:40.348Z"}
{"level":"info","message":"::1 - - [19/Jul/2025:09:13:42 +0000] \"GET /data HTTP/1.1\" 200 4561261 \"-\" \"PostmanRuntime/7.44.1\"\n","timestamp":"2025-07-19T09:13:42.539Z"}
{"level":"info","message":"::1 - - [19/Jul/2025:09:13:44 +0000] \"GET /data HTTP/1.1\" 200 4561261 \"-\" \"PostmanRuntime/7.44.1\"\n","timestamp":"2025-07-19T09:13:44.344Z"}
{"level":"info","message":"::1 - - [19/Jul/2025:09:14:38 +0000] \"GET /data HTTP/1.1\" 200 4561261 \"-\" \"PostmanRuntime/7.44.1\"\n","timestamp":"2025-07-19T09:14:38.436Z"}
{"level":"info","message":"::1 - - [19/Jul/2025:09:14:40 +0000] \"GET /data HTTP/1.1\" 200 4561261 \"-\" \"PostmanRuntime/7.44.1\"\n","timestamp":"2025-07-19T09:14:40.349Z"}
{"level":"info","message":"::1 - - [19/Jul/2025:09:14:42 +0000] \"GET /data HTTP/1.1\" 200 4561261 \"-\" \"PostmanRuntime/7.44.1\"\n","timestamp":"2025-07-19T09:14:42.523Z"}
{"level":"info","message":"::1 - - [19/Jul/2025:09:14:44 +0000] \"GET /data HTTP/1.1\" 200 4561261 \"-\" \"PostmanRuntime/7.44.1\"\n","timestamp":"2025-07-19T09:14:44.360Z"}
{"level":"info","message":"::1 - - [19/Jul/2025:09:14:46 +0000] \"GET /data HTTP/1.1\" 200 4561261 \"-\" \"PostmanRuntime/7.44.1\"\n","timestamp":"2025-07-19T09:14:46.214Z"}
{"level":"info","message":"::1 - - [19/Jul/2025:09:14:47 +0000] \"GET /data HTTP/1.1\" 200 4561261 \"-\" \"PostmanRuntime/7.44.1\"\n","timestamp":"2025-07-19T09:14:47.995Z"}
{"level":"info","message":"::1 - - [19/Jul/2025:09:14:49 +0000] \"GET /data HTTP/1.1\" 200 4561261 \"-\" \"PostmanRuntime/7.44.1\"\n","timestamp":"2025-07-19T09:14:49.555Z"}
{"level":"info","message":"::1 - - [19/Jul/2025:09:29:12 +0000] \"GET /data HTTP/1.1\" 200 4561261 \"-\" \"PostmanRuntime/7.44.1\"\n","timestamp":"2025-07-19T09:29:12.752Z"}
{"level":"info","message":"::1 - - [19/Jul/2025:09:29:15 +0000] \"GET /data HTTP/1.1\" 200 4561261 \"-\" \"PostmanRuntime/7.44.1\"\n","timestamp":"2025-07-19T09:29:15.535Z"}
{"level":"info","message":"::1 - - [19/Jul/2025:09:29:17 +0000] \"GET /data HTTP/1.1\" 200 4561261 \"-\" \"PostmanRuntime/7.44.1\"\n","timestamp":"2025-07-19T09:29:17.103Z"}
{"level":"info","message":"::1 - - [19/Jul/2025:09:29:18 +0000] \"GET /data HTTP/1.1\" 200 4561261 \"-\" \"PostmanRuntime/7.44.1\"\n","timestamp":"2025-07-19T09:29:18.895Z"}
{"level":"info","message":"::1 - - [19/Jul/2025:09:29:20 +0000] \"GET /data HTTP/1.1\" 200 4561261 \"-\" \"PostmanRuntime/7.44.1\"\n","timestamp":"2025-07-19T09:29:20.143Z"}
{"level":"info","message":"::1 - - [19/Jul/2025:09:29:21 +0000] \"GET /data HTTP/1.1\" 200 4561261 \"-\" \"PostmanRuntime/7.44.1\"\n","timestamp":"2025-07-19T09:29:21.240Z"}
{"level":"info","message":"::1 - - [19/Jul/2025:09:29:22 +0000] \"GET /data HTTP/1.1\" 200 4561261 \"-\" \"PostmanRuntime/7.44.1\"\n","timestamp":"2025-07-19T09:29:22.973Z"}
{"level":"info","message":"::1 - - [19/Jul/2025:09:29:24 +0000] \"GET /data HTTP/1.1\" 200 4561261 \"-\" \"PostmanRuntime/7.44.1\"\n","timestamp":"2025-07-19T09:29:24.068Z"}
{"level":"info","message":"::1 - - [19/Jul/2025:09:29:27 +0000] \"GET /data HTTP/1.1\" 200 4561261 \"-\" \"PostmanRuntime/7.44.1\"\n","timestamp":"2025-07-19T09:29:27.723Z"}
{"level":"info","message":"::1 - - [19/Jul/2025:09:29:30 +0000] \"GET /data HTTP/1.1\" 200 4561261 \"-\" \"PostmanRuntime/7.44.1\"\n","timestamp":"2025-07-19T09:29:30.138Z"}
{"level":"info","message":"::1 - - [19/Jul/2025:09:29:31 +0000] \"GET /data HTTP/1.1\" 200 4561261 \"-\" \"PostmanRuntime/7.44.1\"\n","timestamp":"2025-07-19T09:29:31.142Z"}
{"level":"info","message":"::1 - - [19/Jul/2025:09:30:09 +0000] \"GET /data HTTP/1.1\" 200 4561261 \"-\" \"PostmanRuntime/7.44.1\"\n","timestamp":"2025-07-19T09:30:09.395Z"}
{"level":"info","message":"::1 - - [19/Jul/2025:09:30:12 +0000] \"GET /data HTTP/1.1\" 200 4561261 \"-\" \"PostmanRuntime/7.44.1\"\n","timestamp":"2025-07-19T09:30:12.816Z"}
{"level":"info","message":"::1 - - [19/Jul/2025:09:30:13 +0000] \"GET /data HTTP/1.1\" 200 4561261 \"-\" \"PostmanRuntime/7.44.1\"\n","timestamp":"2025-07-19T09:30:13.935Z"}
{"level":"info","message":"::1 - - [19/Jul/2025:09:30:14 +0000] \"GET /data HTTP/1.1\" 200 4561261 \"-\" \"PostmanRuntime/7.44.1\"\n","timestamp":"2025-07-19T09:30:14.897Z"}
{"level":"info","message":"::1 - - [19/Jul/2025:09:30:15 +0000] \"GET /data HTTP/1.1\" 200 4561261 \"-\" \"PostmanRuntime/7.44.1\"\n","timestamp":"2025-07-19T09:30:15.745Z"}
